# JRE version: Java(TM) SE Runtime Environment (8.0_77-b03) (build 1.8.0_77-b03)
# Java VM: Java HotSpot(TM) 64-Bit Server VM (25.77-b03 mixed mode windows-amd64 compressed oops)
Heap:
 PSYoungGen      total 174080K, used 102383K [0x00000000eab00000, 0x00000000f7700000, 0x0000000100000000)
  eden space 167936K, 57% used [0x00000000eab00000,0x00000000f096bc40,0x00000000f4f00000)
  from space 6144K, 92% used [0x00000000f5580000,0x00000000f5b10020,0x00000000f5b80000)
  to   space 20480K, 0% used [0x00000000f6300000,0x00000000f6300000,0x00000000f7700000)
 ParOldGen       total 95744K, used 55468K [0x00000000c0000000, 0x00000000c5d80000, 0x00000000eab00000)
  object space 95744K, 57% used [0x00000000c0000000,0x00000000c362b068,0x00000000c5d80000)
 Metaspace       used 61337K, capacity 63364K, committed 63616K, reserved 1103872K
  class space    used 8193K, capacity 8726K, committed 8832K, reserved 1048576K
GC Heap History (10 events):
Event: 42.177 GC heap before
{Heap before GC invocations=25 (full 4):
 PSYoungGen      total 158208K, used 139776K [0x00000000eab00000, 0x00000000f5c00000, 0x0000000100000000)
  eden space 139776K, 100% used [0x00000000eab00000,0x00000000f3380000,0x00000000f3380000)
  from space 18432K, 0% used [0x00000000f3380000,0x00000000f3380000,0x00000000f4580000)
  to   space 17408K, 0% used [0x00000000f4b00000,0x00000000f4b00000,0x00000000f5c00000)
 ParOldGen       total 51200K, used 43794K [0x00000000c0000000, 0x00000000c3200000, 0x00000000eab00000)
  object space 51200K, 85% used [0x00000000c0000000,0x00000000c2ac4818,0x00000000c3200000)
 Metaspace       used 50502K, capacity 52066K, committed 52096K, reserved 1093632K
  class space    used 6872K, capacity 7293K, committed 7296K, reserved 1048576K
Event: 42.366 GC heap after
Heap after GC invocations=25 (full 4):
 PSYoungGen      total 158208K, used 0K [0x00000000eab00000, 0x00000000f5c00000, 0x0000000100000000)
  eden space 139776K, 0% used [0x00000000eab00000,0x00000000eab00000,0x00000000f3380000)
  from space 18432K, 0% used [0x00000000f3380000,0x00000000f3380000,0x00000000f4580000)
  to   space 17408K, 0% used [0x00000000f4b00000,0x00000000f4b00000,0x00000000f5c00000)
 ParOldGen       total 95744K, used 46582K [0x00000000c0000000, 0x00000000c5d80000, 0x00000000eab00000)
  object space 95744K, 48% used [0x00000000c0000000,0x00000000c2d7db70,0x00000000c5d80000)
 Metaspace       used 50502K, capacity 52066K, committed 52096K, reserved 1093632K
  class space    used 6872K, capacity 7293K, committed 7296K, reserved 1048576K
}
Event: 57.018 GC heap before
{Heap before GC invocations=26 (full 4):
 PSYoungGen      total 158208K, used 139776K [0x00000000eab00000, 0x00000000f5c00000, 0x0000000100000000)
  eden space 139776K, 100% used [0x00000000eab00000,0x00000000f3380000,0x00000000f3380000)
  from space 18432K, 0% used [0x00000000f3380000,0x00000000f3380000,0x00000000f4580000)
  to   space 17408K, 0% used [0x00000000f4b00000,0x00000000f4b00000,0x00000000f5c00000)
 ParOldGen       total 95744K, used 46582K [0x00000000c0000000, 0x00000000c5d80000, 0x00000000eab00000)
  object space 95744K, 48% used [0x00000000c0000000,0x00000000c2d7db70,0x00000000c5d80000)
 Metaspace       used 53698K, capacity 55368K, committed 55424K, reserved 1097728K
  class space    used 7293K, capacity 7772K, committed 7808K, reserved 1048576K
Event: 57.033 GC heap after
Heap after GC invocations=26 (full 4):
 PSYoungGen      total 164352K, used 3728K [0x00000000eab00000, 0x00000000f7400000, 0x0000000100000000)
  eden space 146944K, 0% used [0x00000000eab00000,0x00000000eab00000,0x00000000f3a80000)
  from space 17408K, 21% used [0x00000000f4b00000,0x00000000f4ea4070,0x00000000f5c00000)
  to   space 16896K, 0% used [0x00000000f3a80000,0x00000000f3a80000,0x00000000f4b00000)
 ParOldGen       total 95744K, used 46590K [0x00000000c0000000, 0x00000000c5d80000, 0x00000000eab00000)
  object space 95744K, 48% used [0x00000000c0000000,0x00000000c2d7fb70,0x00000000c5d80000)
 Metaspace       used 53698K, capacity 55368K, committed 55424K, reserved 1097728K
  class space    used 7293K, capacity 7772K, committed 7808K, reserved 1048576K
}
Event: 61.202 GC heap before
{Heap before GC invocations=27 (full 4):
 PSYoungGen      total 164352K, used 150672K [0x00000000eab00000, 0x00000000f7400000, 0x0000000100000000)
  eden space 146944K, 100% used [0x00000000eab00000,0x00000000f3a80000,0x00000000f3a80000)
  from space 17408K, 21% used [0x00000000f4b00000,0x00000000f4ea4070,0x00000000f5c00000)
  to   space 16896K, 0% used [0x00000000f3a80000,0x00000000f3a80000,0x00000000f4b00000)
 ParOldGen       total 95744K, used 46590K [0x00000000c0000000, 0x00000000c5d80000, 0x00000000eab00000)
  object space 95744K, 48% used [0x00000000c0000000,0x00000000c2d7fb70,0x00000000c5d80000)
 Metaspace       used 54568K, capacity 56214K, committed 56320K, reserved 1097728K
  class space    used 7378K, capacity 7849K, committed 7936K, reserved 1048576K
Event: 61.236 GC heap after
Heap after GC invocations=27 (full 4):
 PSYoungGen      total 163840K, used 16878K [0x00000000eab00000, 0x00000000f8680000, 0x0000000100000000)
  eden space 146944K, 0% used [0x00000000eab00000,0x00000000eab00000,0x00000000f3a80000)
  from space 16896K, 99% used [0x00000000f3a80000,0x00000000f4afb850,0x00000000f4b00000)
  to   space 23040K, 0% used [0x00000000f7000000,0x00000000f7000000,0x00000000f8680000)
 ParOldGen       total 95744K, used 55276K [0x00000000c0000000, 0x00000000c5d80000, 0x00000000eab00000)
  object space 95744K, 57% used [0x00000000c0000000,0x00000000c35fb068,0x00000000c5d80000)
 Metaspace       used 54568K, capacity 56214K, committed 56320K, reserved 1097728K
  class space    used 7378K, capacity 7849K, committed 7936K, reserved 1048576K
}
Event: 4040.310 GC heap before
{Heap before GC invocations=28 (full 4):
 PSYoungGen      total 163840K, used 163822K [0x00000000eab00000, 0x00000000f8680000, 0x0000000100000000)
  eden space 146944K, 100% used [0x00000000eab00000,0x00000000f3a80000,0x00000000f3a80000)
  from space 16896K, 99% used [0x00000000f3a80000,0x00000000f4afb850,0x00000000f4b00000)
  to   space 23040K, 0% used [0x00000000f7000000,0x00000000f7000000,0x00000000f8680000)
 ParOldGen       total 95744K, used 55276K [0x00000000c0000000, 0x00000000c5d80000, 0x00000000eab00000)
  object space 95744K, 57% used [0x00000000c0000000,0x00000000c35fb068,0x00000000c5d80000)
 Metaspace       used 54814K, capacity 56606K, committed 56832K, reserved 1097728K
  class space    used 7392K, capacity 7865K, committed 7936K, reserved 1048576K
Event: 4040.409 GC heap after
Heap after GC invocations=28 (full 4):
 PSYoungGen      total 190464K, used 6219K [0x00000000eab00000, 0x00000000f7f80000, 0x0000000100000000)
  eden space 174592K, 0% used [0x00000000eab00000,0x00000000eab00000,0x00000000f5580000)
  from space 15872K, 39% used [0x00000000f7000000,0x00000000f7612eb0,0x00000000f7f80000)
  to   space 21504K, 0% used [0x00000000f5580000,0x00000000f5580000,0x00000000f6a80000)
 ParOldGen       total 95744K, used 55460K [0x00000000c0000000, 0x00000000c5d80000, 0x00000000eab00000)
  object space 95744K, 57% used [0x00000000c0000000,0x00000000c3629068,0x00000000c5d80000)
 Metaspace       used 54814K, capacity 56606K, committed 56832K, reserved 1097728K
  class space    used 7392K, capacity 7865K, committed 7936K, reserved 1048576K
}
Event: 4058.738 GC heap before
{Heap before GC invocations=29 (full 4):
 PSYoungGen      total 190464K, used 180811K [0x00000000eab00000, 0x00000000f7f80000, 0x0000000100000000)
  eden space 174592K, 100% used [0x00000000eab00000,0x00000000f5580000,0x00000000f5580000)
  from space 15872K, 39% used [0x00000000f7000000,0x00000000f7612eb0,0x00000000f7f80000)
  to   space 21504K, 0% used [0x00000000f5580000,0x00000000f5580000,0x00000000f6a80000)
 ParOldGen       total 95744K, used 55460K [0x00000000c0000000, 0x00000000c5d80000, 0x00000000eab00000)
  object space 95744K, 57% used [0x00000000c0000000,0x00000000c3629068,0x00000000c5d80000)
 Metaspace       used 55501K, capacity 57440K, committed 57728K, reserved 1099776K
  class space    used 7475K, capacity 7974K, committed 8064K, reserved 1048576K
Event: 4058.777 GC heap after
Heap after GC invocations=29 (full 4):
 PSYoungGen      total 174080K, used 5696K [0x00000000eab00000, 0x00000000f7700000, 0x0000000100000000)
  eden space 167936K, 0% used [0x00000000eab00000,0x00000000eab00000,0x00000000f4f00000)
  from space 6144K, 92% used [0x00000000f5580000,0x00000000f5b10020,0x00000000f5b80000)
  to   space 20480K, 0% used [0x00000000f6300000,0x00000000f6300000,0x00000000f7700000)
 ParOldGen       total 95744K, used 55468K [0x00000000c0000000, 0x00000000c5d80000, 0x00000000eab00000)
  object space 95744K, 57% used [0x00000000c0000000,0x00000000c362b068,0x00000000c5d80000)
 Metaspace       used 55501K, capacity 57440K, committed 57728K, reserved 1099776K
  class space    used 7475K, capacity 7974K, committed 8064K, reserved 1048576K
}

